<?xml version="1.0" encoding="windows-1251" standalone="no"?>
<!DOCTYPE log SYSTEM "logger.dtd">
<log>
<record>
  <date>2017-03-13T12:52:57</date>
  <millis>1489402377589</millis>
  <sequence>0</sequence>
  <logger>it.discovery.marina.jsonlogger</logger>
  <level>FINEST</level>
  <class>it.discovery.marina.Sample</class>
  <method>readFile</method>
  <thread>1</thread>
  <message>start reading file</message>
</record>
<record>
  <date>2017-03-13T12:52:57</date>
  <millis>1489402377616</millis>
  <sequence>1</sequence>
  <logger>it.discovery.marina.jsonlogger</logger>
  <level>SEVERE</level>
  <class>it.discovery.marina.Sample</class>
  <method>readFile</method>
  <thread>1</thread>
  <message>Exception java.nio.file.NoSuchFileException: C:\base\0\2.txt</message>
</record>
</log>
